[debug] [2021-09-25T06:00:39.977Z] ----------------------------------------------------------------------
[debug] [2021-09-25T06:00:39.980Z] Command:       C:\Program Files\nodejs\node.exe C:\Program Files\nodejs\node_modules\firebase-tools\lib\bin\firebase.js emulators:start
[debug] [2021-09-25T06:00:39.980Z] CLI Version:   9.18.0
[debug] [2021-09-25T06:00:39.980Z] Platform:      win32
[debug] [2021-09-25T06:00:39.980Z] Node Version:  v12.18.0
[debug] [2021-09-25T06:00:39.981Z] Time:          Sat Sep 25 2021 18:00:39 GMT+1200 (New Zealand Standard Time)
[debug] [2021-09-25T06:00:39.981Z] ----------------------------------------------------------------------
[debug] 
[debug] [2021-09-25T06:00:40.037Z] > command requires scopes: ["email","openid","https://www.googleapis.com/auth/cloudplatformprojects.readonly","https://www.googleapis.com/auth/firebase","https://www.googleapis.com/auth/cloud-platform"]
[debug] [2021-09-25T06:00:40.037Z] > authorizing via signed-in user (bkas212@aucklanduni.ac.nz)
[info] i  emulators: Starting emulators: functions, hosting {"metadata":{"emulator":{"name":"hub"},"message":"Starting emulators: functions, hosting"}}
[debug] [2021-09-25T06:00:42.095Z] [hub] writing locator at C:\Users\brian\AppData\Local\Temp\hub-clone-14ca4.json
[warn] !  functions: The following emulators are not running, calls to these services from the Functions emulator will affect production: auth, firestore, database, pubsub, storage {"metadata":{"emulator":{"name":"functions"},"message":"The following emulators are not running, calls to these services from the Functions emulator will affect production: \u001b[1mauth, firestore, database, pubsub, storage\u001b[22m"}}
[warn] !  Your requested "node" version "14" doesn't match your global version "12" {"metadata":{"emulator":{"name":"functions"},"message":"Your requested \"node\" version \"14\" doesn't match your global version \"12\""}}
[debug] [2021-09-25T06:00:44.150Z] defaultcredentials: writing to file C:\Users\brian\AppData\Roaming\firebase\bkas212_aucklanduni_ac.nz_application_default_credentials.json
[debug] [2021-09-25T06:00:44.151Z] Setting GAC to C:\Users\brian\AppData\Roaming\firebase\bkas212_aucklanduni_ac.nz_application_default_credentials.json {"metadata":{"emulator":{"name":"functions"},"message":"Setting GAC to C:\\Users\\brian\\AppData\\Roaming\\firebase\\bkas212_aucklanduni_ac.nz_application_default_credentials.json"}}
[debug] [2021-09-25T06:00:44.154Z] > refreshing access token with scopes: []
[debug] [2021-09-25T06:00:44.155Z] >>> HTTP REQUEST POST https://www.googleapis.com/oauth2/v3/token  
 <request body omitted>
[debug] [2021-09-25T06:00:44.578Z] <<< HTTP RESPONSE 200 {"cache-control":"no-cache, no-store, max-age=0, must-revalidate","expires":"Mon, 01 Jan 1990 00:00:00 GMT","pragma":"no-cache","date":"Sat, 25 Sep 2021 06:00:46 GMT","content-type":"application/json; charset=utf-8","vary":"X-Origin, Referer, Origin,Accept-Encoding","server":"scaffolding on HTTPServer2","x-xss-protection":"0","x-frame-options":"SAMEORIGIN","x-content-type-options":"nosniff","alt-svc":"h3=\":443\"; ma=2592000,h3-29=\":443\"; ma=2592000,h3-T051=\":443\"; ma=2592000,h3-Q050=\":443\"; ma=2592000,h3-Q046=\":443\"; ma=2592000,h3-Q043=\":443\"; ma=2592000,quic=\":443\"; ma=2592000; v=\"46,43\"","accept-ranges":"none","transfer-encoding":"chunked"}
[debug] [2021-09-25T06:00:44.602Z] >>> [apiv2][query] GET https://firebase.googleapis.com/v1beta1/projects/clone-14ca4/adminSdkConfig [none]
[debug] [2021-09-25T06:00:45.321Z] <<< [apiv2][status] GET https://firebase.googleapis.com/v1beta1/projects/clone-14ca4/adminSdkConfig 200
[debug] [2021-09-25T06:00:45.321Z] <<< [apiv2][body] GET https://firebase.googleapis.com/v1beta1/projects/clone-14ca4/adminSdkConfig {"projectId":"clone-14ca4","databaseURL":"https://clone-14ca4-default-rtdb.asia-southeast1.firebasedatabase.app","storageBucket":"clone-14ca4.appspot.com","locationId":"australia-southeast1"}
[debug] [2021-09-25T06:00:47.355Z] >>> [apiv2][query] GET https://firebasehosting.googleapis.com/v1beta1/projects/clone-14ca4/sites 
[debug] [2021-09-25T06:00:49.003Z] <<< [apiv2][status] GET https://firebasehosting.googleapis.com/v1beta1/projects/clone-14ca4/sites 200
[debug] [2021-09-25T06:00:49.003Z] <<< [apiv2][body] GET https://firebasehosting.googleapis.com/v1beta1/projects/clone-14ca4/sites {"sites":[{"name":"projects/901640340428/sites/clone-14ca4","defaultUrl":"https://clone-14ca4.web.app","appId":"1:901640340428:web:cb65ea9ffc99d506e31369","type":"DEFAULT_SITE"}]}
[debug] [2021-09-25T06:00:49.003Z] >>> [apiv2][query] GET https://firebase.googleapis.com/v1beta1/projects/clone-14ca4/webApps/1:901640340428:web:cb65ea9ffc99d506e31369/config [none]
[debug] [2021-09-25T06:00:50.635Z] <<< [apiv2][status] GET https://firebase.googleapis.com/v1beta1/projects/clone-14ca4/webApps/1:901640340428:web:cb65ea9ffc99d506e31369/config 200
[debug] [2021-09-25T06:00:50.635Z] <<< [apiv2][body] GET https://firebase.googleapis.com/v1beta1/projects/clone-14ca4/webApps/1:901640340428:web:cb65ea9ffc99d506e31369/config {"projectId":"clone-14ca4","appId":"1:901640340428:web:cb65ea9ffc99d506e31369","databaseURL":"https://clone-14ca4-default-rtdb.asia-southeast1.firebasedatabase.app","storageBucket":"clone-14ca4.appspot.com","locationId":"australia-southeast1","apiKey":"AIzaSyDyxqCU-7se01c_L_D97u-Bxx-YQCqUiNg","authDomain":"clone-14ca4.firebaseapp.com","messagingSenderId":"901640340428","measurementId":"G-YEY6R8SGYN"}
[info] i  hosting: Serving hosting files from: build {"metadata":{"emulator":{"name":"hosting"},"message":"Serving hosting files from: \u001b[1mbuild\u001b[22m"}}
[info] +  hosting: Local server: http://localhost:5000 {"metadata":{"emulator":{"name":"hosting"},"message":"Local server: \u001b[4m\u001b[1mhttp://localhost:5000\u001b[22m\u001b[24m"}}
[debug] [2021-09-25T06:00:54.760Z] Ignoring unsupported arg: auto_download {"metadata":{"emulator":{"name":"ui"},"message":"Ignoring unsupported arg: auto_download"}}
[debug] [2021-09-25T06:00:54.760Z] Ignoring unsupported arg: port {"metadata":{"emulator":{"name":"ui"},"message":"Ignoring unsupported arg: port"}}
[debug] [2021-09-25T06:00:54.760Z] Starting Emulator UI with command {"binary":"node","args":["C:\\Users\\brian\\.cache\\firebase\\emulators\\ui-v1.6.3\\server.bundle.js"],"optionalArgs":[],"joinArgs":false} {"metadata":{"emulator":{"name":"ui"},"message":"Starting Emulator UI with command {\"binary\":\"node\",\"args\":[\"C:\\\\Users\\\\brian\\\\.cache\\\\firebase\\\\emulators\\\\ui-v1.6.3\\\\server.bundle.js\"],\"optionalArgs\":[],\"joinArgs\":false}"}}
[info] i  ui: Emulator UI logging to ui-debug.log {"metadata":{"emulator":{"name":"ui"},"message":"Emulator UI logging to \u001b[1mui-debug.log\u001b[22m"}}
[debug] [2021-09-25T06:00:54.893Z] Web / API server started at localhost:4000
 {"metadata":{"emulator":{"name":"ui"},"message":"Web / API server started at localhost:4000\n"}}
[info] i  functions: Watching "C:\Users\brian\Desktop\amazon-clone\functions" for Cloud Functions... {"metadata":{"emulator":{"name":"functions"},"message":"Watching \"C:\\Users\\brian\\Desktop\\amazon-clone\\functions\" for Cloud Functions..."}}
[debug] [2021-09-25T06:00:55.308Z] [worker-pool] addWorker(~diagnostic~) {"metadata":{"emulator":{"name":"functions"},"message":"[worker-pool] addWorker(~diagnostic~)"}}
[debug] [2021-09-25T06:00:55.309Z] [worker-pool] Adding worker with key ~diagnostic~, total=1 {"metadata":{"emulator":{"name":"functions"},"message":"[worker-pool] Adding worker with key ~diagnostic~, total=1"}}
[debug] [2021-09-25T06:00:55.309Z] [worker-pool] submitWork(triggerId=) {"metadata":{"emulator":{"name":"functions"},"message":"[worker-pool] submitWork(triggerId=)"}}
[debug] [2021-09-25T06:00:55.309Z] [worker-~diagnostic~-5ae700d7-dbbb-41fd-9298-acea1e833b4e]: Assigning socketPath: \\?\pipe\C:\Users\brian\Desktop\amazon-clone\functions\1676 {"metadata":{"emulator":{"name":"functions"},"message":"[worker-~diagnostic~-5ae700d7-dbbb-41fd-9298-acea1e833b4e]: Assigning socketPath: \\\\?\\pipe\\C:\\Users\\brian\\Desktop\\amazon-clone\\functions\\1676"}}
[debug] [2021-09-25T06:00:55.310Z] [worker-~diagnostic~-5ae700d7-dbbb-41fd-9298-acea1e833b4e]: BUSY {"metadata":{"emulator":{"name":"functions"},"message":"[worker-~diagnostic~-5ae700d7-dbbb-41fd-9298-acea1e833b4e]: BUSY"}}
[debug] [2021-09-25T06:00:55.858Z] [runtime-status] [1676] Functions runtime initialized. {"cwd":"C:\\Users\\brian\\Desktop\\amazon-clone\\functions","node_version":"12.18.0"} {"metadata":{"emulator":{"name":"functions"},"message":"[runtime-status] [1676] Functions runtime initialized. {\"cwd\":\"C:\\\\Users\\\\brian\\\\Desktop\\\\amazon-clone\\\\functions\",\"node_version\":\"12.18.0\"}"}}
[debug] [2021-09-25T06:00:55.861Z] [runtime-status] [1676] Disabled runtime features: undefined {"metadata":{"emulator":{"name":"functions"},"message":"[runtime-status] [1676] Disabled runtime features: undefined"}}
[debug] [2021-09-25T06:00:55.869Z] [runtime-status] [1676] Resolved module firebase-admin {"declared":true,"installed":true,"version":"9.11.1","resolution":"C:\\Users\\brian\\Desktop\\amazon-clone\\functions\\node_modules\\firebase-admin\\lib\\index.js"} {"metadata":{"emulator":{"name":"functions"},"message":"[runtime-status] [1676] Resolved module firebase-admin {\"declared\":true,\"installed\":true,\"version\":\"9.11.1\",\"resolution\":\"C:\\\\Users\\\\brian\\\\Desktop\\\\amazon-clone\\\\functions\\\\node_modules\\\\firebase-admin\\\\lib\\\\index.js\"}"}}
[debug] [2021-09-25T06:00:55.874Z] [runtime-status] [1676] Resolved module firebase-functions {"declared":true,"installed":true,"version":"3.15.7","resolution":"C:\\Users\\brian\\Desktop\\amazon-clone\\functions\\node_modules\\firebase-functions\\lib\\index.js"} {"metadata":{"emulator":{"name":"functions"},"message":"[runtime-status] [1676] Resolved module firebase-functions {\"declared\":true,\"installed\":true,\"version\":\"3.15.7\",\"resolution\":\"C:\\\\Users\\\\brian\\\\Desktop\\\\amazon-clone\\\\functions\\\\node_modules\\\\firebase-functions\\\\lib\\\\index.js\"}"}}
[debug] [2021-09-25T06:00:55.877Z] [runtime-status] [1676] Resolved module firebase-functions {"declared":true,"installed":true,"version":"3.15.7","resolution":"C:\\Users\\brian\\Desktop\\amazon-clone\\functions\\node_modules\\firebase-functions\\lib\\index.js"} {"metadata":{"emulator":{"name":"functions"},"message":"[runtime-status] [1676] Resolved module firebase-functions {\"declared\":true,\"installed\":true,\"version\":\"3.15.7\",\"resolution\":\"C:\\\\Users\\\\brian\\\\Desktop\\\\amazon-clone\\\\functions\\\\node_modules\\\\firebase-functions\\\\lib\\\\index.js\"}"}}
[debug] [2021-09-25T06:00:55.881Z] [runtime-status] [1676] Outgoing network have been stubbed. [{"name":"http","status":"mocked"},{"name":"http","status":"mocked"},{"name":"https","status":"mocked"},{"name":"https","status":"mocked"},{"name":"net","status":"mocked"}] {"metadata":{"emulator":{"name":"functions"},"message":"[runtime-status] [1676] Outgoing network have been stubbed. [{\"name\":\"http\",\"status\":\"mocked\"},{\"name\":\"http\",\"status\":\"mocked\"},{\"name\":\"https\",\"status\":\"mocked\"},{\"name\":\"https\",\"status\":\"mocked\"},{\"name\":\"net\",\"status\":\"mocked\"}]"}}
[debug] [2021-09-25T06:00:55.883Z] [runtime-status] [1676] Resolved module firebase-functions {"declared":true,"installed":true,"version":"3.15.7","resolution":"C:\\Users\\brian\\Desktop\\amazon-clone\\functions\\node_modules\\firebase-functions\\lib\\index.js"} {"metadata":{"emulator":{"name":"functions"},"message":"[runtime-status] [1676] Resolved module firebase-functions {\"declared\":true,\"installed\":true,\"version\":\"3.15.7\",\"resolution\":\"C:\\\\Users\\\\brian\\\\Desktop\\\\amazon-clone\\\\functions\\\\node_modules\\\\firebase-functions\\\\lib\\\\index.js\"}"}}
[debug] [2021-09-25T06:00:55.979Z] [runtime-status] [1676] Checked functions.config() {"config":{}} {"metadata":{"emulator":{"name":"functions"},"message":"[runtime-status] [1676] Checked functions.config() {\"config\":{}}"}}
[debug] [2021-09-25T06:00:55.979Z] [runtime-status] [1676] firebase-functions has been stubbed. {"functionsResolution":{"declared":true,"installed":true,"version":"3.15.7","resolution":"C:\\Users\\brian\\Desktop\\amazon-clone\\functions\\node_modules\\firebase-functions\\lib\\index.js"}} {"metadata":{"emulator":{"name":"functions"},"message":"[runtime-status] [1676] firebase-functions has been stubbed. {\"functionsResolution\":{\"declared\":true,\"installed\":true,\"version\":\"3.15.7\",\"resolution\":\"C:\\\\Users\\\\brian\\\\Desktop\\\\amazon-clone\\\\functions\\\\node_modules\\\\firebase-functions\\\\lib\\\\index.js\"}}"}}
[debug] [2021-09-25T06:00:55.980Z] [runtime-status] [1676] Resolved module firebase-functions {"declared":true,"installed":true,"version":"3.15.7","resolution":"C:\\Users\\brian\\Desktop\\amazon-clone\\functions\\node_modules\\firebase-functions\\lib\\index.js"} {"metadata":{"emulator":{"name":"functions"},"message":"[runtime-status] [1676] Resolved module firebase-functions {\"declared\":true,\"installed\":true,\"version\":\"3.15.7\",\"resolution\":\"C:\\\\Users\\\\brian\\\\Desktop\\\\amazon-clone\\\\functions\\\\node_modules\\\\firebase-functions\\\\lib\\\\index.js\"}"}}
[debug] [2021-09-25T06:00:55.982Z] [runtime-status] [1676] Resolved module firebase-admin {"declared":true,"installed":true,"version":"9.11.1","resolution":"C:\\Users\\brian\\Desktop\\amazon-clone\\functions\\node_modules\\firebase-admin\\lib\\index.js"} {"metadata":{"emulator":{"name":"functions"},"message":"[runtime-status] [1676] Resolved module firebase-admin {\"declared\":true,\"installed\":true,\"version\":\"9.11.1\",\"resolution\":\"C:\\\\Users\\\\brian\\\\Desktop\\\\amazon-clone\\\\functions\\\\node_modules\\\\firebase-admin\\\\lib\\\\index.js\"}"}}
[debug] [2021-09-25T06:00:55.984Z] [runtime-status] [1676] Resolved module firebase-functions {"declared":true,"installed":true,"version":"3.15.7","resolution":"C:\\Users\\brian\\Desktop\\amazon-clone\\functions\\node_modules\\firebase-functions\\lib\\index.js"} {"metadata":{"emulator":{"name":"functions"},"message":"[runtime-status] [1676] Resolved module firebase-functions {\"declared\":true,\"installed\":true,\"version\":\"3.15.7\",\"resolution\":\"C:\\\\Users\\\\brian\\\\Desktop\\\\amazon-clone\\\\functions\\\\node_modules\\\\firebase-functions\\\\lib\\\\index.js\"}"}}
[debug] [2021-09-25T06:00:55.984Z] [runtime-status] [1676] firebase-admin has been stubbed. {"adminResolution":{"declared":true,"installed":true,"version":"9.11.1","resolution":"C:\\Users\\brian\\Desktop\\amazon-clone\\functions\\node_modules\\firebase-admin\\lib\\index.js"}} {"metadata":{"emulator":{"name":"functions"},"message":"[runtime-status] [1676] firebase-admin has been stubbed. {\"adminResolution\":{\"declared\":true,\"installed\":true,\"version\":\"9.11.1\",\"resolution\":\"C:\\\\Users\\\\brian\\\\Desktop\\\\amazon-clone\\\\functions\\\\node_modules\\\\firebase-admin\\\\lib\\\\index.js\"}}"}}
[info] +  functions[us-central1-api]: http function initialized (http://localhost:5001/clone-14ca4/us-central1/api). {"metadata":{"emulator":{"name":"functions"},"message":"\u001b[1mhttp\u001b[22m function initialized (http://localhost:5001/clone-14ca4/us-central1/api)."}}
[info] 
┌─────────────────────────────────────────────────────────────┐
│ ✔  All emulators ready! It is now safe to connect your app. │
│ i  View Emulator UI at http://localhost:4000                │
└─────────────────────────────────────────────────────────────┘

┌───────────┬────────────────┬─────────────────────────────────┐
│ Emulator  │ Host:Port      │ View in Emulator UI             │
├───────────┼────────────────┼─────────────────────────────────┤
│ Functions │ localhost:5001 │ http://localhost:4000/functions │
├───────────┼────────────────┼─────────────────────────────────┤
│ Hosting   │ localhost:5000 │ n/a                             │
└───────────┴────────────────┴─────────────────────────────────┘
  Emulator Hub running at localhost:4400
  Other reserved ports: 4500

Issues? Report them at https://github.com/firebase/firebase-tools/issues and attach the *-debug.log files.
 
[debug] [2021-09-25T06:00:56.338Z] [worker-~diagnostic~-5ae700d7-dbbb-41fd-9298-acea1e833b4e]: IDLE {"metadata":{"emulator":{"name":"functions"},"message":"[worker-~diagnostic~-5ae700d7-dbbb-41fd-9298-acea1e833b4e]: IDLE"}}
[debug] [2021-09-25T06:31:19.401Z] [work-queue] {"queueLength":1,"workRunningCount":0}
[debug] [2021-09-25T06:31:19.408Z] [work-queue] {"queueLength":0,"workRunningCount":1}
[debug] [2021-09-25T06:31:19.410Z] Accepted request POST /clone-14ca4/us-central1/api/payments/create?total=8997 --> us-central1-api
[debug] [2021-09-25T06:31:19.426Z] [worker-pool] addWorker(us-central1-api) {"metadata":{"emulator":{"name":"functions"},"message":"[worker-pool] addWorker(us-central1-api)"}}
[debug] [2021-09-25T06:31:19.427Z] [worker-pool] Adding worker with key us-central1-api, total=1 {"metadata":{"emulator":{"name":"functions"},"message":"[worker-pool] Adding worker with key us-central1-api, total=1"}}
[debug] [2021-09-25T06:31:19.427Z] [worker-pool] submitWork(triggerId=us-central1-api) {"metadata":{"emulator":{"name":"functions"},"message":"[worker-pool] submitWork(triggerId=us-central1-api)"}}
[debug] [2021-09-25T06:31:19.428Z] [worker-us-central1-api-ba4a4e8e-c9a1-49b1-bba5-0646a637d1ce]: Assigning socketPath: \\?\pipe\C:\Users\brian\Desktop\amazon-clone\functions\13404 {"metadata":{"emulator":{"name":"functions"},"message":"[worker-us-central1-api-ba4a4e8e-c9a1-49b1-bba5-0646a637d1ce]: Assigning socketPath: \\\\?\\pipe\\C:\\Users\\brian\\Desktop\\amazon-clone\\functions\\13404"}}
[debug] [2021-09-25T06:31:19.428Z] [worker-us-central1-api-ba4a4e8e-c9a1-49b1-bba5-0646a637d1ce]: BUSY {"metadata":{"emulator":{"name":"functions"},"message":"[worker-us-central1-api-ba4a4e8e-c9a1-49b1-bba5-0646a637d1ce]: BUSY"}}
[debug] [2021-09-25T06:31:20.262Z] [runtime-status] [13404] Functions runtime initialized. {"cwd":"C:\\Users\\brian\\Desktop\\amazon-clone\\functions","node_version":"12.18.0"} {"metadata":{"emulator":{"name":"functions"},"function":{"name":"us-central1-api"},"message":"[runtime-status] [13404] Functions runtime initialized. {\"cwd\":\"C:\\\\Users\\\\brian\\\\Desktop\\\\amazon-clone\\\\functions\",\"node_version\":\"12.18.0\"}"}}
[debug] [2021-09-25T06:31:20.264Z] [runtime-status] [13404] Disabled runtime features: undefined {"metadata":{"emulator":{"name":"functions"},"function":{"name":"us-central1-api"},"message":"[runtime-status] [13404] Disabled runtime features: undefined"}}
[debug] [2021-09-25T06:31:20.273Z] [runtime-status] [13404] Resolved module firebase-admin {"declared":true,"installed":true,"version":"9.11.1","resolution":"C:\\Users\\brian\\Desktop\\amazon-clone\\functions\\node_modules\\firebase-admin\\lib\\index.js"} {"metadata":{"emulator":{"name":"functions"},"function":{"name":"us-central1-api"},"message":"[runtime-status] [13404] Resolved module firebase-admin {\"declared\":true,\"installed\":true,\"version\":\"9.11.1\",\"resolution\":\"C:\\\\Users\\\\brian\\\\Desktop\\\\amazon-clone\\\\functions\\\\node_modules\\\\firebase-admin\\\\lib\\\\index.js\"}"}}
[debug] [2021-09-25T06:31:20.285Z] [runtime-status] [13404] Resolved module firebase-functions {"declared":true,"installed":true,"version":"3.15.7","resolution":"C:\\Users\\brian\\Desktop\\amazon-clone\\functions\\node_modules\\firebase-functions\\lib\\index.js"} {"metadata":{"emulator":{"name":"functions"},"function":{"name":"us-central1-api"},"message":"[runtime-status] [13404] Resolved module firebase-functions {\"declared\":true,\"installed\":true,\"version\":\"3.15.7\",\"resolution\":\"C:\\\\Users\\\\brian\\\\Desktop\\\\amazon-clone\\\\functions\\\\node_modules\\\\firebase-functions\\\\lib\\\\index.js\"}"}}
[debug] [2021-09-25T06:31:20.288Z] [runtime-status] [13404] Resolved module firebase-functions {"declared":true,"installed":true,"version":"3.15.7","resolution":"C:\\Users\\brian\\Desktop\\amazon-clone\\functions\\node_modules\\firebase-functions\\lib\\index.js"} {"metadata":{"emulator":{"name":"functions"},"function":{"name":"us-central1-api"},"message":"[runtime-status] [13404] Resolved module firebase-functions {\"declared\":true,\"installed\":true,\"version\":\"3.15.7\",\"resolution\":\"C:\\\\Users\\\\brian\\\\Desktop\\\\amazon-clone\\\\functions\\\\node_modules\\\\firebase-functions\\\\lib\\\\index.js\"}"}}
[debug] [2021-09-25T06:31:20.292Z] [runtime-status] [13404] Outgoing network have been stubbed. [{"name":"http","status":"mocked"},{"name":"http","status":"mocked"},{"name":"https","status":"mocked"},{"name":"https","status":"mocked"},{"name":"net","status":"mocked"}] {"metadata":{"emulator":{"name":"functions"},"function":{"name":"us-central1-api"},"message":"[runtime-status] [13404] Outgoing network have been stubbed. [{\"name\":\"http\",\"status\":\"mocked\"},{\"name\":\"http\",\"status\":\"mocked\"},{\"name\":\"https\",\"status\":\"mocked\"},{\"name\":\"https\",\"status\":\"mocked\"},{\"name\":\"net\",\"status\":\"mocked\"}]"}}
[debug] [2021-09-25T06:31:20.295Z] [runtime-status] [13404] Resolved module firebase-functions {"declared":true,"installed":true,"version":"3.15.7","resolution":"C:\\Users\\brian\\Desktop\\amazon-clone\\functions\\node_modules\\firebase-functions\\lib\\index.js"} {"metadata":{"emulator":{"name":"functions"},"function":{"name":"us-central1-api"},"message":"[runtime-status] [13404] Resolved module firebase-functions {\"declared\":true,\"installed\":true,\"version\":\"3.15.7\",\"resolution\":\"C:\\\\Users\\\\brian\\\\Desktop\\\\amazon-clone\\\\functions\\\\node_modules\\\\firebase-functions\\\\lib\\\\index.js\"}"}}
[debug] [2021-09-25T06:31:20.418Z] [runtime-status] [13404] Checked functions.config() {"config":{}} {"metadata":{"emulator":{"name":"functions"},"function":{"name":"us-central1-api"},"message":"[runtime-status] [13404] Checked functions.config() {\"config\":{}}"}}
[debug] [2021-09-25T06:31:20.419Z] [runtime-status] [13404] firebase-functions has been stubbed. {"functionsResolution":{"declared":true,"installed":true,"version":"3.15.7","resolution":"C:\\Users\\brian\\Desktop\\amazon-clone\\functions\\node_modules\\firebase-functions\\lib\\index.js"}} {"metadata":{"emulator":{"name":"functions"},"function":{"name":"us-central1-api"},"message":"[runtime-status] [13404] firebase-functions has been stubbed. {\"functionsResolution\":{\"declared\":true,\"installed\":true,\"version\":\"3.15.7\",\"resolution\":\"C:\\\\Users\\\\brian\\\\Desktop\\\\amazon-clone\\\\functions\\\\node_modules\\\\firebase-functions\\\\lib\\\\index.js\"}}"}}
[debug] [2021-09-25T06:31:20.421Z] [runtime-status] [13404] Resolved module firebase-functions {"declared":true,"installed":true,"version":"3.15.7","resolution":"C:\\Users\\brian\\Desktop\\amazon-clone\\functions\\node_modules\\firebase-functions\\lib\\index.js"} {"metadata":{"emulator":{"name":"functions"},"function":{"name":"us-central1-api"},"message":"[runtime-status] [13404] Resolved module firebase-functions {\"declared\":true,\"installed\":true,\"version\":\"3.15.7\",\"resolution\":\"C:\\\\Users\\\\brian\\\\Desktop\\\\amazon-clone\\\\functions\\\\node_modules\\\\firebase-functions\\\\lib\\\\index.js\"}"}}
[debug] [2021-09-25T06:31:20.427Z] [runtime-status] [13404] Resolved module firebase-admin {"declared":true,"installed":true,"version":"9.11.1","resolution":"C:\\Users\\brian\\Desktop\\amazon-clone\\functions\\node_modules\\firebase-admin\\lib\\index.js"} {"metadata":{"emulator":{"name":"functions"},"function":{"name":"us-central1-api"},"message":"[runtime-status] [13404] Resolved module firebase-admin {\"declared\":true,\"installed\":true,\"version\":\"9.11.1\",\"resolution\":\"C:\\\\Users\\\\brian\\\\Desktop\\\\amazon-clone\\\\functions\\\\node_modules\\\\firebase-admin\\\\lib\\\\index.js\"}"}}
[debug] [2021-09-25T06:31:20.430Z] [runtime-status] [13404] Resolved module firebase-functions {"declared":true,"installed":true,"version":"3.15.7","resolution":"C:\\Users\\brian\\Desktop\\amazon-clone\\functions\\node_modules\\firebase-functions\\lib\\index.js"} {"metadata":{"emulator":{"name":"functions"},"function":{"name":"us-central1-api"},"message":"[runtime-status] [13404] Resolved module firebase-functions {\"declared\":true,\"installed\":true,\"version\":\"3.15.7\",\"resolution\":\"C:\\\\Users\\\\brian\\\\Desktop\\\\amazon-clone\\\\functions\\\\node_modules\\\\firebase-functions\\\\lib\\\\index.js\"}"}}
[debug] [2021-09-25T06:31:20.430Z] [runtime-status] [13404] firebase-admin has been stubbed. {"adminResolution":{"declared":true,"installed":true,"version":"9.11.1","resolution":"C:\\Users\\brian\\Desktop\\amazon-clone\\functions\\node_modules\\firebase-admin\\lib\\index.js"}} {"metadata":{"emulator":{"name":"functions"},"function":{"name":"us-central1-api"},"message":"[runtime-status] [13404] firebase-admin has been stubbed. {\"adminResolution\":{\"declared\":true,\"installed\":true,\"version\":\"9.11.1\",\"resolution\":\"C:\\\\Users\\\\brian\\\\Desktop\\\\amazon-clone\\\\functions\\\\node_modules\\\\firebase-admin\\\\lib\\\\index.js\"}}"}}
[debug] [2021-09-25T06:31:20.778Z] [runtime-status] [13404] Trigger "us-central1-api" has been found, beginning invocation! {"metadata":{"emulator":{"name":"functions"},"function":{"name":"us-central1-api"},"message":"[runtime-status] [13404] Trigger \"us-central1-api\" has been found, beginning invocation!"}}
[info] i  functions: Beginning execution of "us-central1-api" {"metadata":{"emulator":{"name":"functions"},"function":{"name":"us-central1-api"},"message":"Beginning execution of \"us-central1-api\""}}
[debug] [2021-09-25T06:31:20.785Z] [runtime-status] [13404] triggerDefinition {"httpsTrigger":{},"name":"api","entryPoint":"api","regions":["us-central1"],"region":"us-central1","id":"us-central1-api"} {"metadata":{"emulator":{"name":"functions"},"function":{"name":"us-central1-api"},"message":"[runtime-status] [13404] triggerDefinition {\"httpsTrigger\":{},\"name\":\"api\",\"entryPoint\":\"api\",\"regions\":[\"us-central1\"],\"region\":\"us-central1\",\"id\":\"us-central1-api\"}"}}
[debug] [2021-09-25T06:31:20.785Z] [runtime-status] [13404] Running us-central1-api in mode HTTPS {"metadata":{"emulator":{"name":"functions"},"function":{"name":"us-central1-api"},"message":"[runtime-status] [13404] Running us-central1-api in mode HTTPS"}}
[debug] [2021-09-25T06:31:20.788Z] [runtime-status] [13404] Attempting to listen to socketPath: \\?\pipe\C:\Users\brian\Desktop\amazon-clone\functions\13404 {"metadata":{"emulator":{"name":"functions"},"function":{"name":"us-central1-api"},"message":"[runtime-status] [13404] Attempting to listen to socketPath: \\\\?\\pipe\\C:\\Users\\brian\\Desktop\\amazon-clone\\functions\\13404"}}
[debug] [2021-09-25T06:31:20.795Z] [functions] Runtime ready! Sending request! {"metadata":{"emulator":{"name":"functions"},"message":"[functions] Runtime ready! Sending request!"}}
[debug] [2021-09-25T06:31:20.798Z] [functions] Got req.url=/clone-14ca4/us-central1/api/payments/create?total=8997, mapping to path=/payments/create?total=8997 {"metadata":{"emulator":{"name":"functions"},"message":"[functions] Got req.url=/clone-14ca4/us-central1/api/payments/create?total=8997, mapping to path=/payments/create?total=8997"}}
[debug] [2021-09-25T06:31:20.817Z] [runtime-status] [13404] Ephemeral server handling POST request {"metadata":{"emulator":{"name":"functions"},"function":{"name":"us-central1-api"},"message":"[runtime-status] [13404] Ephemeral server handling POST request"}}
[debug] [2021-09-25T06:31:20.838Z] [runtime-status] [13404] Ephemeral server survived. {"metadata":{"emulator":{"name":"functions"},"function":{"name":"us-central1-api"},"message":"[runtime-status] [13404] Ephemeral server survived."}}
[info] i  functions: Finished "us-central1-api" in ~1s {"metadata":{"emulator":{"name":"functions"},"function":{"name":"us-central1-api"},"message":"Finished \"us-central1-api\" in ~1s"}}
[debug] [2021-09-25T06:31:21.385Z] [worker-us-central1-api-ba4a4e8e-c9a1-49b1-bba5-0646a637d1ce]: IDLE {"metadata":{"emulator":{"name":"functions"},"message":"[worker-us-central1-api-ba4a4e8e-c9a1-49b1-bba5-0646a637d1ce]: IDLE"}}
[debug] [2021-09-25T06:31:21.386Z] [work-queue] {"queueLength":0,"workRunningCount":0}
[debug] [2021-09-25T06:31:26.963Z] [work-queue] {"queueLength":1,"workRunningCount":0}
[debug] [2021-09-25T06:31:26.963Z] [work-queue] {"queueLength":0,"workRunningCount":1}
[debug] [2021-09-25T06:31:26.963Z] Accepted request POST /clone-14ca4/us-central1/api/payments/create?total=0 --> us-central1-api
[debug] [2021-09-25T06:31:26.964Z] [worker-pool] submitWork(triggerId=us-central1-api) {"metadata":{"emulator":{"name":"functions"},"message":"[worker-pool] submitWork(triggerId=us-central1-api)"}}
[debug] [2021-09-25T06:31:26.964Z] [worker-us-central1-api-ba4a4e8e-c9a1-49b1-bba5-0646a637d1ce]: Assigning socketPath: \\?\pipe\C:\Users\brian\Desktop\amazon-clone\functions\13404 {"metadata":{"emulator":{"name":"functions"},"message":"[worker-us-central1-api-ba4a4e8e-c9a1-49b1-bba5-0646a637d1ce]: Assigning socketPath: \\\\?\\pipe\\C:\\Users\\brian\\Desktop\\amazon-clone\\functions\\13404"}}
[debug] [2021-09-25T06:31:26.965Z] [worker-us-central1-api-ba4a4e8e-c9a1-49b1-bba5-0646a637d1ce]: BUSY {"metadata":{"emulator":{"name":"functions"},"message":"[worker-us-central1-api-ba4a4e8e-c9a1-49b1-bba5-0646a637d1ce]: BUSY"}}
[debug] [2021-09-25T06:31:26.965Z] [runtime-status] [13404] Trigger "us-central1-api" has been found, beginning invocation! {"metadata":{"emulator":{"name":"functions"},"function":{"name":"us-central1-api"},"message":"[runtime-status] [13404] Trigger \"us-central1-api\" has been found, beginning invocation!"}}
[info] i  functions: Beginning execution of "us-central1-api" {"metadata":{"emulator":{"name":"functions"},"function":{"name":"us-central1-api"},"message":"Beginning execution of \"us-central1-api\""}}
[debug] [2021-09-25T06:31:26.968Z] [runtime-status] [13404] triggerDefinition {"httpsTrigger":{},"name":"api","entryPoint":"api","regions":["us-central1"],"region":"us-central1","id":"us-central1-api"} {"metadata":{"emulator":{"name":"functions"},"function":{"name":"us-central1-api"},"message":"[runtime-status] [13404] triggerDefinition {\"httpsTrigger\":{},\"name\":\"api\",\"entryPoint\":\"api\",\"regions\":[\"us-central1\"],\"region\":\"us-central1\",\"id\":\"us-central1-api\"}"}}
[debug] [2021-09-25T06:31:26.968Z] [runtime-status] [13404] Running us-central1-api in mode HTTPS {"metadata":{"emulator":{"name":"functions"},"function":{"name":"us-central1-api"},"message":"[runtime-status] [13404] Running us-central1-api in mode HTTPS"}}
[debug] [2021-09-25T06:31:26.970Z] [runtime-status] [13404] Attempting to listen to socketPath: \\?\pipe\C:\Users\brian\Desktop\amazon-clone\functions\13404 {"metadata":{"emulator":{"name":"functions"},"function":{"name":"us-central1-api"},"message":"[runtime-status] [13404] Attempting to listen to socketPath: \\\\?\\pipe\\C:\\Users\\brian\\Desktop\\amazon-clone\\functions\\13404"}}
[debug] [2021-09-25T06:31:26.972Z] [functions] Runtime ready! Sending request! {"metadata":{"emulator":{"name":"functions"},"message":"[functions] Runtime ready! Sending request!"}}
[debug] [2021-09-25T06:31:26.974Z] [functions] Got req.url=/clone-14ca4/us-central1/api/payments/create?total=0, mapping to path=/payments/create?total=0 {"metadata":{"emulator":{"name":"functions"},"message":"[functions] Got req.url=/clone-14ca4/us-central1/api/payments/create?total=0, mapping to path=/payments/create?total=0"}}
[debug] [2021-09-25T06:31:26.977Z] [runtime-status] [13404] Ephemeral server handling POST request {"metadata":{"emulator":{"name":"functions"},"function":{"name":"us-central1-api"},"message":"[runtime-status] [13404] Ephemeral server handling POST request"}}
[debug] [2021-09-25T06:31:26.980Z] [runtime-status] [13404] Ephemeral server survived. {"metadata":{"emulator":{"name":"functions"},"function":{"name":"us-central1-api"},"message":"[runtime-status] [13404] Ephemeral server survived."}}
[info] >  (node:13404) UnhandledPromiseRejectionWarning: Error: This value must be greater than or equal to 1. {"user":"(node:13404) UnhandledPromiseRejectionWarning: Error: This value must be greater than or equal to 1.","metadata":{"emulator":{"name":"functions"},"function":{"name":"us-central1-api"},"message":"\u001b[90m> \u001b[39m (node:13404) UnhandledPromiseRejectionWarning: Error: This value must be greater than or equal to 1."}}
[info] >      at Function.generate (C:\Users\brian\Desktop\amazon-clone\functions\node_modules\stripe\lib\Error.js:40:16) {"user":"    at Function.generate (C:\\Users\\brian\\Desktop\\amazon-clone\\functions\\node_modules\\stripe\\lib\\Error.js:40:16)","metadata":{"emulator":{"name":"functions"},"function":{"name":"us-central1-api"},"message":"\u001b[90m> \u001b[39m     at Function.generate (C:\\Users\\brian\\Desktop\\amazon-clone\\functions\\node_modules\\stripe\\lib\\Error.js:40:16)"}}
[info] >      at res.toJSON.then.StripeAPIError.message (C:\Users\brian\Desktop\amazon-clone\functions\node_modules\stripe\lib\StripeResource.js:220:35) {"user":"    at res.toJSON.then.StripeAPIError.message (C:\\Users\\brian\\Desktop\\amazon-clone\\functions\\node_modules\\stripe\\lib\\StripeResource.js:220:35)","metadata":{"emulator":{"name":"functions"},"function":{"name":"us-central1-api"},"message":"\u001b[90m> \u001b[39m     at res.toJSON.then.StripeAPIError.message (C:\\Users\\brian\\Desktop\\amazon-clone\\functions\\node_modules\\stripe\\lib\\StripeResource.js:220:35)"}}
[info] >      at processTicksAndRejections (internal/process/task_queues.js:97:5) {"user":"    at processTicksAndRejections (internal/process/task_queues.js:97:5)","metadata":{"emulator":{"name":"functions"},"function":{"name":"us-central1-api"},"message":"\u001b[90m> \u001b[39m     at processTicksAndRejections (internal/process/task_queues.js:97:5)"}}
[info] >  (node:13404) UnhandledPromiseRejectionWarning: Unhandled promise rejection. This error originated either by throwing inside of an async function without a catch block, or by rejecting a promise which was not handled with .catch(). To terminate the node process on unhandled promise rejection, use the CLI flag `--unhandled-rejections=strict` (see https://nodejs.org/api/cli.html#cli_unhandled_rejections_mode). (rejection id: 1) {"user":"(node:13404) UnhandledPromiseRejectionWarning: Unhandled promise rejection. This error originated either by throwing inside of an async function without a catch block, or by rejecting a promise which was not handled with .catch(). To terminate the node process on unhandled promise rejection, use the CLI flag `--unhandled-rejections=strict` (see https://nodejs.org/api/cli.html#cli_unhandled_rejections_mode). (rejection id: 1)","metadata":{"emulator":{"name":"functions"},"function":{"name":"us-central1-api"},"message":"\u001b[90m> \u001b[39m (node:13404) UnhandledPromiseRejectionWarning: Unhandled promise rejection. This error originated either by throwing inside of an async function without a catch block, or by rejecting a promise which was not handled with .catch(). To terminate the node process on unhandled promise rejection, use the CLI flag `--unhandled-rejections=strict` (see https://nodejs.org/api/cli.html#cli_unhandled_rejections_mode). (rejection id: 1)"}}
[info] >  (node:13404) [DEP0018] DeprecationWarning: Unhandled promise rejections are deprecated. In the future, promise rejections that are not handled will terminate the Node.js process with a non-zero exit code. {"user":"(node:13404) [DEP0018] DeprecationWarning: Unhandled promise rejections are deprecated. In the future, promise rejections that are not handled will terminate the Node.js process with a non-zero exit code.","metadata":{"emulator":{"name":"functions"},"function":{"name":"us-central1-api"},"message":"\u001b[90m> \u001b[39m (node:13404) [DEP0018] DeprecationWarning: Unhandled promise rejections are deprecated. In the future, promise rejections that are not handled will terminate the Node.js process with a non-zero exit code."}}
[warn] !  functions: Your function timed out after ~60s. To configure this timeout, see
      https://firebase.google.com/docs/functions/manage-functions#set_timeout_and_memory_allocation. {"metadata":{"emulator":{"name":"functions"},"function":{"name":"us-central1-api"},"message":"Your function timed out after ~60s. To configure this timeout, see\n      https://firebase.google.com/docs/functions/manage-functions#set_timeout_and_memory_allocation."}}
[info] >  C:\Program Files\nodejs\node_modules\firebase-tools\lib\emulator\functionsEmulatorRuntime.js:679 {"user":"C:\\Program Files\\nodejs\\node_modules\\firebase-tools\\lib\\emulator\\functionsEmulatorRuntime.js:679\r","metadata":{"emulator":{"name":"functions"},"function":{"name":"us-central1-api"},"message":"\u001b[90m> \u001b[39m C:\\Program Files\\nodejs\\node_modules\\firebase-tools\\lib\\emulator\\functionsEmulatorRuntime.js:679\r"}}
[info] >              throw new Error("Function timed out."); {"user":"            throw new Error(\"Function timed out.\");\r","metadata":{"emulator":{"name":"functions"},"function":{"name":"us-central1-api"},"message":"\u001b[90m> \u001b[39m             throw new Error(\"Function timed out.\");\r"}}
[info] >              ^ {"user":"            ^\r","metadata":{"emulator":{"name":"functions"},"function":{"name":"us-central1-api"},"message":"\u001b[90m> \u001b[39m             ^\r"}}
[info] >   {"user":"\r","metadata":{"emulator":{"name":"functions"},"function":{"name":"us-central1-api"},"message":"\u001b[90m> \u001b[39m \r"}}
[info] >  Error: Function timed out. {"user":"Error: Function timed out.\r","metadata":{"emulator":{"name":"functions"},"function":{"name":"us-central1-api"},"message":"\u001b[90m> \u001b[39m Error: Function timed out.\r"}}
[info] >      at Timeout._onTimeout (C:\Program Files\nodejs\node_modules\firebase-tools\lib\emulator\functionsEmulatorRuntime.js:679:19) {"user":"    at Timeout._onTimeout (C:\\Program Files\\nodejs\\node_modules\\firebase-tools\\lib\\emulator\\functionsEmulatorRuntime.js:679:19)\r","metadata":{"emulator":{"name":"functions"},"function":{"name":"us-central1-api"},"message":"\u001b[90m> \u001b[39m     at Timeout._onTimeout (C:\\Program Files\\nodejs\\node_modules\\firebase-tools\\lib\\emulator\\functionsEmulatorRuntime.js:679:19)\r"}}
[info] >      at listOnTimeout (internal/timers.js:549:17) {"user":"    at listOnTimeout (internal/timers.js:549:17)\r","metadata":{"emulator":{"name":"functions"},"function":{"name":"us-central1-api"},"message":"\u001b[90m> \u001b[39m     at listOnTimeout (internal/timers.js:549:17)\r"}}
[info] >      at processTimers (internal/timers.js:492:7) {"user":"    at processTimers (internal/timers.js:492:7)\r","metadata":{"emulator":{"name":"functions"},"function":{"name":"us-central1-api"},"message":"\u001b[90m> \u001b[39m     at processTimers (internal/timers.js:492:7)\r"}}
[debug] [2021-09-25T06:32:27.078Z] [worker-us-central1-api-ba4a4e8e-c9a1-49b1-bba5-0646a637d1ce]: exited {"metadata":{"emulator":{"name":"functions"},"message":"[worker-us-central1-api-ba4a4e8e-c9a1-49b1-bba5-0646a637d1ce]: exited"}}
[debug] [2021-09-25T06:32:27.078Z] [worker-us-central1-api-ba4a4e8e-c9a1-49b1-bba5-0646a637d1ce]: FINISHED {"metadata":{"emulator":{"name":"functions"},"message":"[worker-us-central1-api-ba4a4e8e-c9a1-49b1-bba5-0646a637d1ce]: FINISHED"}}
[debug] [2021-09-25T06:32:27.079Z] [work-queue] {"queueLength":0,"workRunningCount":0}
[debug] [2021-09-25T06:36:45.759Z] [work-queue] {"queueLength":1,"workRunningCount":0}
[debug] [2021-09-25T06:36:45.759Z] [work-queue] {"queueLength":0,"workRunningCount":1}
[debug] [2021-09-25T06:36:45.759Z] Accepted request POST /clone-14ca4/us-central1/api/payments/create?total=5998 --> us-central1-api
[debug] [2021-09-25T06:36:45.760Z] [worker-pool] Cleaned up workers for us-central1-api: 1 --> 0 {"metadata":{"emulator":{"name":"functions"},"message":"[worker-pool] Cleaned up workers for us-central1-api: 1 --> 0"}}
[debug] [2021-09-25T06:36:45.767Z] [worker-pool] addWorker(us-central1-api) {"metadata":{"emulator":{"name":"functions"},"message":"[worker-pool] addWorker(us-central1-api)"}}
[debug] [2021-09-25T06:36:45.767Z] [worker-pool] Adding worker with key us-central1-api, total=1 {"metadata":{"emulator":{"name":"functions"},"message":"[worker-pool] Adding worker with key us-central1-api, total=1"}}
[debug] [2021-09-25T06:36:45.767Z] [worker-pool] submitWork(triggerId=us-central1-api) {"metadata":{"emulator":{"name":"functions"},"message":"[worker-pool] submitWork(triggerId=us-central1-api)"}}
[debug] [2021-09-25T06:36:45.768Z] [worker-us-central1-api-bc210a9c-777e-407e-9f92-12eb52fd32cb]: Assigning socketPath: \\?\pipe\C:\Users\brian\Desktop\amazon-clone\functions\11300 {"metadata":{"emulator":{"name":"functions"},"message":"[worker-us-central1-api-bc210a9c-777e-407e-9f92-12eb52fd32cb]: Assigning socketPath: \\\\?\\pipe\\C:\\Users\\brian\\Desktop\\amazon-clone\\functions\\11300"}}
[debug] [2021-09-25T06:36:45.768Z] [worker-us-central1-api-bc210a9c-777e-407e-9f92-12eb52fd32cb]: BUSY {"metadata":{"emulator":{"name":"functions"},"message":"[worker-us-central1-api-bc210a9c-777e-407e-9f92-12eb52fd32cb]: BUSY"}}
[debug] [2021-09-25T06:36:46.303Z] [runtime-status] [11300] Functions runtime initialized. {"cwd":"C:\\Users\\brian\\Desktop\\amazon-clone\\functions","node_version":"12.18.0"} {"metadata":{"emulator":{"name":"functions"},"function":{"name":"us-central1-api"},"message":"[runtime-status] [11300] Functions runtime initialized. {\"cwd\":\"C:\\\\Users\\\\brian\\\\Desktop\\\\amazon-clone\\\\functions\",\"node_version\":\"12.18.0\"}"}}
[debug] [2021-09-25T06:36:46.306Z] [runtime-status] [11300] Disabled runtime features: undefined {"metadata":{"emulator":{"name":"functions"},"function":{"name":"us-central1-api"},"message":"[runtime-status] [11300] Disabled runtime features: undefined"}}
[debug] [2021-09-25T06:36:46.313Z] [runtime-status] [11300] Resolved module firebase-admin {"declared":true,"installed":true,"version":"9.11.1","resolution":"C:\\Users\\brian\\Desktop\\amazon-clone\\functions\\node_modules\\firebase-admin\\lib\\index.js"} {"metadata":{"emulator":{"name":"functions"},"function":{"name":"us-central1-api"},"message":"[runtime-status] [11300] Resolved module firebase-admin {\"declared\":true,\"installed\":true,\"version\":\"9.11.1\",\"resolution\":\"C:\\\\Users\\\\brian\\\\Desktop\\\\amazon-clone\\\\functions\\\\node_modules\\\\firebase-admin\\\\lib\\\\index.js\"}"}}
[debug] [2021-09-25T06:36:46.316Z] [runtime-status] [11300] Resolved module firebase-functions {"declared":true,"installed":true,"version":"3.15.7","resolution":"C:\\Users\\brian\\Desktop\\amazon-clone\\functions\\node_modules\\firebase-functions\\lib\\index.js"} {"metadata":{"emulator":{"name":"functions"},"function":{"name":"us-central1-api"},"message":"[runtime-status] [11300] Resolved module firebase-functions {\"declared\":true,\"installed\":true,\"version\":\"3.15.7\",\"resolution\":\"C:\\\\Users\\\\brian\\\\Desktop\\\\amazon-clone\\\\functions\\\\node_modules\\\\firebase-functions\\\\lib\\\\index.js\"}"}}
[debug] [2021-09-25T06:36:46.318Z] [runtime-status] [11300] Resolved module firebase-functions {"declared":true,"installed":true,"version":"3.15.7","resolution":"C:\\Users\\brian\\Desktop\\amazon-clone\\functions\\node_modules\\firebase-functions\\lib\\index.js"} {"metadata":{"emulator":{"name":"functions"},"function":{"name":"us-central1-api"},"message":"[runtime-status] [11300] Resolved module firebase-functions {\"declared\":true,\"installed\":true,\"version\":\"3.15.7\",\"resolution\":\"C:\\\\Users\\\\brian\\\\Desktop\\\\amazon-clone\\\\functions\\\\node_modules\\\\firebase-functions\\\\lib\\\\index.js\"}"}}
[debug] [2021-09-25T06:36:46.320Z] [runtime-status] [11300] Outgoing network have been stubbed. [{"name":"http","status":"mocked"},{"name":"http","status":"mocked"},{"name":"https","status":"mocked"},{"name":"https","status":"mocked"},{"name":"net","status":"mocked"}] {"metadata":{"emulator":{"name":"functions"},"function":{"name":"us-central1-api"},"message":"[runtime-status] [11300] Outgoing network have been stubbed. [{\"name\":\"http\",\"status\":\"mocked\"},{\"name\":\"http\",\"status\":\"mocked\"},{\"name\":\"https\",\"status\":\"mocked\"},{\"name\":\"https\",\"status\":\"mocked\"},{\"name\":\"net\",\"status\":\"mocked\"}]"}}
[debug] [2021-09-25T06:36:46.321Z] [runtime-status] [11300] Resolved module firebase-functions {"declared":true,"installed":true,"version":"3.15.7","resolution":"C:\\Users\\brian\\Desktop\\amazon-clone\\functions\\node_modules\\firebase-functions\\lib\\index.js"} {"metadata":{"emulator":{"name":"functions"},"function":{"name":"us-central1-api"},"message":"[runtime-status] [11300] Resolved module firebase-functions {\"declared\":true,\"installed\":true,\"version\":\"3.15.7\",\"resolution\":\"C:\\\\Users\\\\brian\\\\Desktop\\\\amazon-clone\\\\functions\\\\node_modules\\\\firebase-functions\\\\lib\\\\index.js\"}"}}
[debug] [2021-09-25T06:36:46.387Z] [runtime-status] [11300] Checked functions.config() {"config":{}} {"metadata":{"emulator":{"name":"functions"},"function":{"name":"us-central1-api"},"message":"[runtime-status] [11300] Checked functions.config() {\"config\":{}}"}}
[debug] [2021-09-25T06:36:46.387Z] [runtime-status] [11300] firebase-functions has been stubbed. {"functionsResolution":{"declared":true,"installed":true,"version":"3.15.7","resolution":"C:\\Users\\brian\\Desktop\\amazon-clone\\functions\\node_modules\\firebase-functions\\lib\\index.js"}} {"metadata":{"emulator":{"name":"functions"},"function":{"name":"us-central1-api"},"message":"[runtime-status] [11300] firebase-functions has been stubbed. {\"functionsResolution\":{\"declared\":true,\"installed\":true,\"version\":\"3.15.7\",\"resolution\":\"C:\\\\Users\\\\brian\\\\Desktop\\\\amazon-clone\\\\functions\\\\node_modules\\\\firebase-functions\\\\lib\\\\index.js\"}}"}}
[debug] [2021-09-25T06:36:46.389Z] [runtime-status] [11300] Resolved module firebase-functions {"declared":true,"installed":true,"version":"3.15.7","resolution":"C:\\Users\\brian\\Desktop\\amazon-clone\\functions\\node_modules\\firebase-functions\\lib\\index.js"} {"metadata":{"emulator":{"name":"functions"},"function":{"name":"us-central1-api"},"message":"[runtime-status] [11300] Resolved module firebase-functions {\"declared\":true,\"installed\":true,\"version\":\"3.15.7\",\"resolution\":\"C:\\\\Users\\\\brian\\\\Desktop\\\\amazon-clone\\\\functions\\\\node_modules\\\\firebase-functions\\\\lib\\\\index.js\"}"}}
[debug] [2021-09-25T06:36:46.391Z] [runtime-status] [11300] Resolved module firebase-admin {"declared":true,"installed":true,"version":"9.11.1","resolution":"C:\\Users\\brian\\Desktop\\amazon-clone\\functions\\node_modules\\firebase-admin\\lib\\index.js"} {"metadata":{"emulator":{"name":"functions"},"function":{"name":"us-central1-api"},"message":"[runtime-status] [11300] Resolved module firebase-admin {\"declared\":true,\"installed\":true,\"version\":\"9.11.1\",\"resolution\":\"C:\\\\Users\\\\brian\\\\Desktop\\\\amazon-clone\\\\functions\\\\node_modules\\\\firebase-admin\\\\lib\\\\index.js\"}"}}
[debug] [2021-09-25T06:36:46.392Z] [runtime-status] [11300] Resolved module firebase-functions {"declared":true,"installed":true,"version":"3.15.7","resolution":"C:\\Users\\brian\\Desktop\\amazon-clone\\functions\\node_modules\\firebase-functions\\lib\\index.js"} {"metadata":{"emulator":{"name":"functions"},"function":{"name":"us-central1-api"},"message":"[runtime-status] [11300] Resolved module firebase-functions {\"declared\":true,\"installed\":true,\"version\":\"3.15.7\",\"resolution\":\"C:\\\\Users\\\\brian\\\\Desktop\\\\amazon-clone\\\\functions\\\\node_modules\\\\firebase-functions\\\\lib\\\\index.js\"}"}}
[debug] [2021-09-25T06:36:46.392Z] [runtime-status] [11300] firebase-admin has been stubbed. {"adminResolution":{"declared":true,"installed":true,"version":"9.11.1","resolution":"C:\\Users\\brian\\Desktop\\amazon-clone\\functions\\node_modules\\firebase-admin\\lib\\index.js"}} {"metadata":{"emulator":{"name":"functions"},"function":{"name":"us-central1-api"},"message":"[runtime-status] [11300] firebase-admin has been stubbed. {\"adminResolution\":{\"declared\":true,\"installed\":true,\"version\":\"9.11.1\",\"resolution\":\"C:\\\\Users\\\\brian\\\\Desktop\\\\amazon-clone\\\\functions\\\\node_modules\\\\firebase-admin\\\\lib\\\\index.js\"}}"}}
[debug] [2021-09-25T06:36:46.664Z] [work-queue] {"queueLength":1,"workRunningCount":1}
[debug] [2021-09-25T06:36:46.665Z] [work-queue] {"queueLength":0,"workRunningCount":2}
[debug] [2021-09-25T06:36:46.665Z] Accepted request POST /clone-14ca4/us-central1/api/payments/create?total=2999 --> us-central1-api
[debug] [2021-09-25T06:36:46.672Z] [worker-pool] addWorker(us-central1-api) {"metadata":{"emulator":{"name":"functions"},"message":"[worker-pool] addWorker(us-central1-api)"}}
[debug] [2021-09-25T06:36:46.673Z] [worker-pool] Adding worker with key us-central1-api, total=2 {"metadata":{"emulator":{"name":"functions"},"message":"[worker-pool] Adding worker with key us-central1-api, total=2"}}
[debug] [2021-09-25T06:36:46.673Z] [worker-pool] submitWork(triggerId=us-central1-api) {"metadata":{"emulator":{"name":"functions"},"message":"[worker-pool] submitWork(triggerId=us-central1-api)"}}
[debug] [2021-09-25T06:36:46.674Z] [worker-us-central1-api-c94be819-d090-45be-bd5f-9aea51e0f777]: Assigning socketPath: \\?\pipe\C:\Users\brian\Desktop\amazon-clone\functions\14900 {"metadata":{"emulator":{"name":"functions"},"message":"[worker-us-central1-api-c94be819-d090-45be-bd5f-9aea51e0f777]: Assigning socketPath: \\\\?\\pipe\\C:\\Users\\brian\\Desktop\\amazon-clone\\functions\\14900"}}
[debug] [2021-09-25T06:36:46.674Z] [worker-us-central1-api-c94be819-d090-45be-bd5f-9aea51e0f777]: BUSY {"metadata":{"emulator":{"name":"functions"},"message":"[worker-us-central1-api-c94be819-d090-45be-bd5f-9aea51e0f777]: BUSY"}}
[debug] [2021-09-25T06:36:46.748Z] [runtime-status] [11300] Trigger "us-central1-api" has been found, beginning invocation! {"metadata":{"emulator":{"name":"functions"},"function":{"name":"us-central1-api"},"message":"[runtime-status] [11300] Trigger \"us-central1-api\" has been found, beginning invocation!"}}
[info] i  functions: Beginning execution of "us-central1-api" {"metadata":{"emulator":{"name":"functions"},"function":{"name":"us-central1-api"},"message":"Beginning execution of \"us-central1-api\""}}
[debug] [2021-09-25T06:36:46.750Z] [runtime-status] [11300] triggerDefinition {"httpsTrigger":{},"name":"api","entryPoint":"api","regions":["us-central1"],"region":"us-central1","id":"us-central1-api"} {"metadata":{"emulator":{"name":"functions"},"function":{"name":"us-central1-api"},"message":"[runtime-status] [11300] triggerDefinition {\"httpsTrigger\":{},\"name\":\"api\",\"entryPoint\":\"api\",\"regions\":[\"us-central1\"],\"region\":\"us-central1\",\"id\":\"us-central1-api\"}"}}
[debug] [2021-09-25T06:36:46.751Z] [runtime-status] [11300] Running us-central1-api in mode HTTPS {"metadata":{"emulator":{"name":"functions"},"function":{"name":"us-central1-api"},"message":"[runtime-status] [11300] Running us-central1-api in mode HTTPS"}}
[debug] [2021-09-25T06:36:46.756Z] [runtime-status] [11300] Attempting to listen to socketPath: \\?\pipe\C:\Users\brian\Desktop\amazon-clone\functions\11300 {"metadata":{"emulator":{"name":"functions"},"function":{"name":"us-central1-api"},"message":"[runtime-status] [11300] Attempting to listen to socketPath: \\\\?\\pipe\\C:\\Users\\brian\\Desktop\\amazon-clone\\functions\\11300"}}
[debug] [2021-09-25T06:36:46.759Z] [functions] Runtime ready! Sending request! {"metadata":{"emulator":{"name":"functions"},"message":"[functions] Runtime ready! Sending request!"}}
[debug] [2021-09-25T06:36:46.760Z] [functions] Got req.url=/clone-14ca4/us-central1/api/payments/create?total=5998, mapping to path=/payments/create?total=5998 {"metadata":{"emulator":{"name":"functions"},"message":"[functions] Got req.url=/clone-14ca4/us-central1/api/payments/create?total=5998, mapping to path=/payments/create?total=5998"}}
[debug] [2021-09-25T06:36:46.773Z] [runtime-status] [11300] Ephemeral server handling POST request {"metadata":{"emulator":{"name":"functions"},"function":{"name":"us-central1-api"},"message":"[runtime-status] [11300] Ephemeral server handling POST request"}}
[debug] [2021-09-25T06:36:46.790Z] [runtime-status] [11300] Ephemeral server survived. {"metadata":{"emulator":{"name":"functions"},"function":{"name":"us-central1-api"},"message":"[runtime-status] [11300] Ephemeral server survived."}}
[info] i  functions: Finished "us-central1-api" in ~1s {"metadata":{"emulator":{"name":"functions"},"function":{"name":"us-central1-api"},"message":"Finished \"us-central1-api\" in ~1s"}}
[debug] [2021-09-25T06:36:47.320Z] [worker-us-central1-api-bc210a9c-777e-407e-9f92-12eb52fd32cb]: IDLE {"metadata":{"emulator":{"name":"functions"},"message":"[worker-us-central1-api-bc210a9c-777e-407e-9f92-12eb52fd32cb]: IDLE"}}
[debug] [2021-09-25T06:36:47.321Z] [work-queue] {"queueLength":0,"workRunningCount":1}
[debug] [2021-09-25T06:36:47.332Z] [runtime-status] [14900] Functions runtime initialized. {"cwd":"C:\\Users\\brian\\Desktop\\amazon-clone\\functions","node_version":"12.18.0"} {"metadata":{"emulator":{"name":"functions"},"function":{"name":"us-central1-api"},"message":"[runtime-status] [14900] Functions runtime initialized. {\"cwd\":\"C:\\\\Users\\\\brian\\\\Desktop\\\\amazon-clone\\\\functions\",\"node_version\":\"12.18.0\"}"}}
[debug] [2021-09-25T06:36:47.334Z] [runtime-status] [14900] Disabled runtime features: undefined {"metadata":{"emulator":{"name":"functions"},"function":{"name":"us-central1-api"},"message":"[runtime-status] [14900] Disabled runtime features: undefined"}}
[debug] [2021-09-25T06:36:47.342Z] [runtime-status] [14900] Resolved module firebase-admin {"declared":true,"installed":true,"version":"9.11.1","resolution":"C:\\Users\\brian\\Desktop\\amazon-clone\\functions\\node_modules\\firebase-admin\\lib\\index.js"} {"metadata":{"emulator":{"name":"functions"},"function":{"name":"us-central1-api"},"message":"[runtime-status] [14900] Resolved module firebase-admin {\"declared\":true,\"installed\":true,\"version\":\"9.11.1\",\"resolution\":\"C:\\\\Users\\\\brian\\\\Desktop\\\\amazon-clone\\\\functions\\\\node_modules\\\\firebase-admin\\\\lib\\\\index.js\"}"}}
[debug] [2021-09-25T06:36:47.345Z] [runtime-status] [14900] Resolved module firebase-functions {"declared":true,"installed":true,"version":"3.15.7","resolution":"C:\\Users\\brian\\Desktop\\amazon-clone\\functions\\node_modules\\firebase-functions\\lib\\index.js"} {"metadata":{"emulator":{"name":"functions"},"function":{"name":"us-central1-api"},"message":"[runtime-status] [14900] Resolved module firebase-functions {\"declared\":true,\"installed\":true,\"version\":\"3.15.7\",\"resolution\":\"C:\\\\Users\\\\brian\\\\Desktop\\\\amazon-clone\\\\functions\\\\node_modules\\\\firebase-functions\\\\lib\\\\index.js\"}"}}
[debug] [2021-09-25T06:36:47.347Z] [runtime-status] [14900] Resolved module firebase-functions {"declared":true,"installed":true,"version":"3.15.7","resolution":"C:\\Users\\brian\\Desktop\\amazon-clone\\functions\\node_modules\\firebase-functions\\lib\\index.js"} {"metadata":{"emulator":{"name":"functions"},"function":{"name":"us-central1-api"},"message":"[runtime-status] [14900] Resolved module firebase-functions {\"declared\":true,\"installed\":true,\"version\":\"3.15.7\",\"resolution\":\"C:\\\\Users\\\\brian\\\\Desktop\\\\amazon-clone\\\\functions\\\\node_modules\\\\firebase-functions\\\\lib\\\\index.js\"}"}}
[debug] [2021-09-25T06:36:47.349Z] [runtime-status] [14900] Outgoing network have been stubbed. [{"name":"http","status":"mocked"},{"name":"http","status":"mocked"},{"name":"https","status":"mocked"},{"name":"https","status":"mocked"},{"name":"net","status":"mocked"}] {"metadata":{"emulator":{"name":"functions"},"function":{"name":"us-central1-api"},"message":"[runtime-status] [14900] Outgoing network have been stubbed. [{\"name\":\"http\",\"status\":\"mocked\"},{\"name\":\"http\",\"status\":\"mocked\"},{\"name\":\"https\",\"status\":\"mocked\"},{\"name\":\"https\",\"status\":\"mocked\"},{\"name\":\"net\",\"status\":\"mocked\"}]"}}
[debug] [2021-09-25T06:36:47.350Z] [runtime-status] [14900] Resolved module firebase-functions {"declared":true,"installed":true,"version":"3.15.7","resolution":"C:\\Users\\brian\\Desktop\\amazon-clone\\functions\\node_modules\\firebase-functions\\lib\\index.js"} {"metadata":{"emulator":{"name":"functions"},"function":{"name":"us-central1-api"},"message":"[runtime-status] [14900] Resolved module firebase-functions {\"declared\":true,\"installed\":true,\"version\":\"3.15.7\",\"resolution\":\"C:\\\\Users\\\\brian\\\\Desktop\\\\amazon-clone\\\\functions\\\\node_modules\\\\firebase-functions\\\\lib\\\\index.js\"}"}}
[debug] [2021-09-25T06:36:47.414Z] [runtime-status] [14900] Checked functions.config() {"config":{}} {"metadata":{"emulator":{"name":"functions"},"function":{"name":"us-central1-api"},"message":"[runtime-status] [14900] Checked functions.config() {\"config\":{}}"}}
[debug] [2021-09-25T06:36:47.415Z] [runtime-status] [14900] firebase-functions has been stubbed. {"functionsResolution":{"declared":true,"installed":true,"version":"3.15.7","resolution":"C:\\Users\\brian\\Desktop\\amazon-clone\\functions\\node_modules\\firebase-functions\\lib\\index.js"}} {"metadata":{"emulator":{"name":"functions"},"function":{"name":"us-central1-api"},"message":"[runtime-status] [14900] firebase-functions has been stubbed. {\"functionsResolution\":{\"declared\":true,\"installed\":true,\"version\":\"3.15.7\",\"resolution\":\"C:\\\\Users\\\\brian\\\\Desktop\\\\amazon-clone\\\\functions\\\\node_modules\\\\firebase-functions\\\\lib\\\\index.js\"}}"}}
[debug] [2021-09-25T06:36:47.415Z] [runtime-status] [14900] Resolved module firebase-functions {"declared":true,"installed":true,"version":"3.15.7","resolution":"C:\\Users\\brian\\Desktop\\amazon-clone\\functions\\node_modules\\firebase-functions\\lib\\index.js"} {"metadata":{"emulator":{"name":"functions"},"function":{"name":"us-central1-api"},"message":"[runtime-status] [14900] Resolved module firebase-functions {\"declared\":true,\"installed\":true,\"version\":\"3.15.7\",\"resolution\":\"C:\\\\Users\\\\brian\\\\Desktop\\\\amazon-clone\\\\functions\\\\node_modules\\\\firebase-functions\\\\lib\\\\index.js\"}"}}
[debug] [2021-09-25T06:36:47.417Z] [runtime-status] [14900] Resolved module firebase-admin {"declared":true,"installed":true,"version":"9.11.1","resolution":"C:\\Users\\brian\\Desktop\\amazon-clone\\functions\\node_modules\\firebase-admin\\lib\\index.js"} {"metadata":{"emulator":{"name":"functions"},"function":{"name":"us-central1-api"},"message":"[runtime-status] [14900] Resolved module firebase-admin {\"declared\":true,\"installed\":true,\"version\":\"9.11.1\",\"resolution\":\"C:\\\\Users\\\\brian\\\\Desktop\\\\amazon-clone\\\\functions\\\\node_modules\\\\firebase-admin\\\\lib\\\\index.js\"}"}}
[debug] [2021-09-25T06:36:47.418Z] [runtime-status] [14900] Resolved module firebase-functions {"declared":true,"installed":true,"version":"3.15.7","resolution":"C:\\Users\\brian\\Desktop\\amazon-clone\\functions\\node_modules\\firebase-functions\\lib\\index.js"} {"metadata":{"emulator":{"name":"functions"},"function":{"name":"us-central1-api"},"message":"[runtime-status] [14900] Resolved module firebase-functions {\"declared\":true,\"installed\":true,\"version\":\"3.15.7\",\"resolution\":\"C:\\\\Users\\\\brian\\\\Desktop\\\\amazon-clone\\\\functions\\\\node_modules\\\\firebase-functions\\\\lib\\\\index.js\"}"}}
[debug] [2021-09-25T06:36:47.418Z] [runtime-status] [14900] firebase-admin has been stubbed. {"adminResolution":{"declared":true,"installed":true,"version":"9.11.1","resolution":"C:\\Users\\brian\\Desktop\\amazon-clone\\functions\\node_modules\\firebase-admin\\lib\\index.js"}} {"metadata":{"emulator":{"name":"functions"},"function":{"name":"us-central1-api"},"message":"[runtime-status] [14900] firebase-admin has been stubbed. {\"adminResolution\":{\"declared\":true,\"installed\":true,\"version\":\"9.11.1\",\"resolution\":\"C:\\\\Users\\\\brian\\\\Desktop\\\\amazon-clone\\\\functions\\\\node_modules\\\\firebase-admin\\\\lib\\\\index.js\"}}"}}
[debug] [2021-09-25T06:36:47.651Z] [runtime-status] [14900] Trigger "us-central1-api" has been found, beginning invocation! {"metadata":{"emulator":{"name":"functions"},"function":{"name":"us-central1-api"},"message":"[runtime-status] [14900] Trigger \"us-central1-api\" has been found, beginning invocation!"}}
[info] i  functions: Beginning execution of "us-central1-api" {"metadata":{"emulator":{"name":"functions"},"function":{"name":"us-central1-api"},"message":"Beginning execution of \"us-central1-api\""}}
[debug] [2021-09-25T06:36:47.653Z] [runtime-status] [14900] triggerDefinition {"httpsTrigger":{},"name":"api","entryPoint":"api","regions":["us-central1"],"region":"us-central1","id":"us-central1-api"} {"metadata":{"emulator":{"name":"functions"},"function":{"name":"us-central1-api"},"message":"[runtime-status] [14900] triggerDefinition {\"httpsTrigger\":{},\"name\":\"api\",\"entryPoint\":\"api\",\"regions\":[\"us-central1\"],\"region\":\"us-central1\",\"id\":\"us-central1-api\"}"}}
[debug] [2021-09-25T06:36:47.653Z] [runtime-status] [14900] Running us-central1-api in mode HTTPS {"metadata":{"emulator":{"name":"functions"},"function":{"name":"us-central1-api"},"message":"[runtime-status] [14900] Running us-central1-api in mode HTTPS"}}
[debug] [2021-09-25T06:36:47.658Z] [runtime-status] [14900] Attempting to listen to socketPath: \\?\pipe\C:\Users\brian\Desktop\amazon-clone\functions\14900 {"metadata":{"emulator":{"name":"functions"},"function":{"name":"us-central1-api"},"message":"[runtime-status] [14900] Attempting to listen to socketPath: \\\\?\\pipe\\C:\\Users\\brian\\Desktop\\amazon-clone\\functions\\14900"}}
[debug] [2021-09-25T06:36:47.660Z] [functions] Runtime ready! Sending request! {"metadata":{"emulator":{"name":"functions"},"message":"[functions] Runtime ready! Sending request!"}}
[debug] [2021-09-25T06:36:47.661Z] [functions] Got req.url=/clone-14ca4/us-central1/api/payments/create?total=2999, mapping to path=/payments/create?total=2999 {"metadata":{"emulator":{"name":"functions"},"message":"[functions] Got req.url=/clone-14ca4/us-central1/api/payments/create?total=2999, mapping to path=/payments/create?total=2999"}}
[debug] [2021-09-25T06:36:47.669Z] [runtime-status] [14900] Ephemeral server handling POST request {"metadata":{"emulator":{"name":"functions"},"function":{"name":"us-central1-api"},"message":"[runtime-status] [14900] Ephemeral server handling POST request"}}
[debug] [2021-09-25T06:36:47.682Z] [runtime-status] [14900] Ephemeral server survived. {"metadata":{"emulator":{"name":"functions"},"function":{"name":"us-central1-api"},"message":"[runtime-status] [14900] Ephemeral server survived."}}
[info] i  functions: Finished "us-central1-api" in ~1s {"metadata":{"emulator":{"name":"functions"},"function":{"name":"us-central1-api"},"message":"Finished \"us-central1-api\" in ~1s"}}
[debug] [2021-09-25T06:36:48.145Z] [worker-us-central1-api-c94be819-d090-45be-bd5f-9aea51e0f777]: IDLE {"metadata":{"emulator":{"name":"functions"},"message":"[worker-us-central1-api-c94be819-d090-45be-bd5f-9aea51e0f777]: IDLE"}}
[debug] [2021-09-25T06:36:48.146Z] [work-queue] {"queueLength":0,"workRunningCount":0}
[debug] [2021-09-25T06:36:54.304Z] [work-queue] {"queueLength":1,"workRunningCount":0}
[debug] [2021-09-25T06:36:54.304Z] [work-queue] {"queueLength":0,"workRunningCount":1}
[debug] [2021-09-25T06:36:54.304Z] Accepted request POST /clone-14ca4/us-central1/api/payments/create?total=0 --> us-central1-api
[debug] [2021-09-25T06:36:54.304Z] [worker-pool] submitWork(triggerId=us-central1-api) {"metadata":{"emulator":{"name":"functions"},"message":"[worker-pool] submitWork(triggerId=us-central1-api)"}}
[debug] [2021-09-25T06:36:54.304Z] [worker-us-central1-api-bc210a9c-777e-407e-9f92-12eb52fd32cb]: Assigning socketPath: \\?\pipe\C:\Users\brian\Desktop\amazon-clone\functions\11300 {"metadata":{"emulator":{"name":"functions"},"message":"[worker-us-central1-api-bc210a9c-777e-407e-9f92-12eb52fd32cb]: Assigning socketPath: \\\\?\\pipe\\C:\\Users\\brian\\Desktop\\amazon-clone\\functions\\11300"}}
[debug] [2021-09-25T06:36:54.305Z] [worker-us-central1-api-bc210a9c-777e-407e-9f92-12eb52fd32cb]: BUSY {"metadata":{"emulator":{"name":"functions"},"message":"[worker-us-central1-api-bc210a9c-777e-407e-9f92-12eb52fd32cb]: BUSY"}}
[debug] [2021-09-25T06:36:54.305Z] [runtime-status] [11300] Trigger "us-central1-api" has been found, beginning invocation! {"metadata":{"emulator":{"name":"functions"},"function":{"name":"us-central1-api"},"message":"[runtime-status] [11300] Trigger \"us-central1-api\" has been found, beginning invocation!"}}
[info] i  functions: Beginning execution of "us-central1-api" {"metadata":{"emulator":{"name":"functions"},"function":{"name":"us-central1-api"},"message":"Beginning execution of \"us-central1-api\""}}
[debug] [2021-09-25T06:36:54.307Z] [runtime-status] [11300] triggerDefinition {"httpsTrigger":{},"name":"api","entryPoint":"api","regions":["us-central1"],"region":"us-central1","id":"us-central1-api"} {"metadata":{"emulator":{"name":"functions"},"function":{"name":"us-central1-api"},"message":"[runtime-status] [11300] triggerDefinition {\"httpsTrigger\":{},\"name\":\"api\",\"entryPoint\":\"api\",\"regions\":[\"us-central1\"],\"region\":\"us-central1\",\"id\":\"us-central1-api\"}"}}
[debug] [2021-09-25T06:36:54.307Z] [runtime-status] [11300] Running us-central1-api in mode HTTPS {"metadata":{"emulator":{"name":"functions"},"function":{"name":"us-central1-api"},"message":"[runtime-status] [11300] Running us-central1-api in mode HTTPS"}}
[debug] [2021-09-25T06:36:54.307Z] [runtime-status] [11300] Attempting to listen to socketPath: \\?\pipe\C:\Users\brian\Desktop\amazon-clone\functions\11300 {"metadata":{"emulator":{"name":"functions"},"function":{"name":"us-central1-api"},"message":"[runtime-status] [11300] Attempting to listen to socketPath: \\\\?\\pipe\\C:\\Users\\brian\\Desktop\\amazon-clone\\functions\\11300"}}
[debug] [2021-09-25T06:36:54.310Z] [functions] Runtime ready! Sending request! {"metadata":{"emulator":{"name":"functions"},"message":"[functions] Runtime ready! Sending request!"}}
[debug] [2021-09-25T06:36:54.310Z] [functions] Got req.url=/clone-14ca4/us-central1/api/payments/create?total=0, mapping to path=/payments/create?total=0 {"metadata":{"emulator":{"name":"functions"},"message":"[functions] Got req.url=/clone-14ca4/us-central1/api/payments/create?total=0, mapping to path=/payments/create?total=0"}}
[debug] [2021-09-25T06:36:54.312Z] [runtime-status] [11300] Ephemeral server handling POST request {"metadata":{"emulator":{"name":"functions"},"function":{"name":"us-central1-api"},"message":"[runtime-status] [11300] Ephemeral server handling POST request"}}
[debug] [2021-09-25T06:36:54.313Z] [runtime-status] [11300] Ephemeral server survived. {"metadata":{"emulator":{"name":"functions"},"function":{"name":"us-central1-api"},"message":"[runtime-status] [11300] Ephemeral server survived."}}
[info] >  (node:11300) UnhandledPromiseRejectionWarning: Error: This value must be greater than or equal to 1. {"user":"(node:11300) UnhandledPromiseRejectionWarning: Error: This value must be greater than or equal to 1.","metadata":{"emulator":{"name":"functions"},"function":{"name":"us-central1-api"},"message":"\u001b[90m> \u001b[39m (node:11300) UnhandledPromiseRejectionWarning: Error: This value must be greater than or equal to 1."}}
[info] >      at Function.generate (C:\Users\brian\Desktop\amazon-clone\functions\node_modules\stripe\lib\Error.js:40:16) {"user":"    at Function.generate (C:\\Users\\brian\\Desktop\\amazon-clone\\functions\\node_modules\\stripe\\lib\\Error.js:40:16)","metadata":{"emulator":{"name":"functions"},"function":{"name":"us-central1-api"},"message":"\u001b[90m> \u001b[39m     at Function.generate (C:\\Users\\brian\\Desktop\\amazon-clone\\functions\\node_modules\\stripe\\lib\\Error.js:40:16)"}}
[info] >      at res.toJSON.then.StripeAPIError.message (C:\Users\brian\Desktop\amazon-clone\functions\node_modules\stripe\lib\StripeResource.js:220:35) {"user":"    at res.toJSON.then.StripeAPIError.message (C:\\Users\\brian\\Desktop\\amazon-clone\\functions\\node_modules\\stripe\\lib\\StripeResource.js:220:35)","metadata":{"emulator":{"name":"functions"},"function":{"name":"us-central1-api"},"message":"\u001b[90m> \u001b[39m     at res.toJSON.then.StripeAPIError.message (C:\\Users\\brian\\Desktop\\amazon-clone\\functions\\node_modules\\stripe\\lib\\StripeResource.js:220:35)"}}
[info] >      at processTicksAndRejections (internal/process/task_queues.js:97:5) {"user":"    at processTicksAndRejections (internal/process/task_queues.js:97:5)","metadata":{"emulator":{"name":"functions"},"function":{"name":"us-central1-api"},"message":"\u001b[90m> \u001b[39m     at processTicksAndRejections (internal/process/task_queues.js:97:5)"}}
[info] >  (node:11300) UnhandledPromiseRejectionWarning: Unhandled promise rejection. This error originated either by throwing inside of an async function without a catch block, or by rejecting a promise which was not handled with .catch(). To terminate the node process on unhandled promise rejection, use the CLI flag `--unhandled-rejections=strict` (see https://nodejs.org/api/cli.html#cli_unhandled_rejections_mode). (rejection id: 1) {"user":"(node:11300) UnhandledPromiseRejectionWarning: Unhandled promise rejection. This error originated either by throwing inside of an async function without a catch block, or by rejecting a promise which was not handled with .catch(). To terminate the node process on unhandled promise rejection, use the CLI flag `--unhandled-rejections=strict` (see https://nodejs.org/api/cli.html#cli_unhandled_rejections_mode). (rejection id: 1)","metadata":{"emulator":{"name":"functions"},"function":{"name":"us-central1-api"},"message":"\u001b[90m> \u001b[39m (node:11300) UnhandledPromiseRejectionWarning: Unhandled promise rejection. This error originated either by throwing inside of an async function without a catch block, or by rejecting a promise which was not handled with .catch(). To terminate the node process on unhandled promise rejection, use the CLI flag `--unhandled-rejections=strict` (see https://nodejs.org/api/cli.html#cli_unhandled_rejections_mode). (rejection id: 1)"}}
[info] >  (node:11300) [DEP0018] DeprecationWarning: Unhandled promise rejections are deprecated. In the future, promise rejections that are not handled will terminate the Node.js process with a non-zero exit code. {"user":"(node:11300) [DEP0018] DeprecationWarning: Unhandled promise rejections are deprecated. In the future, promise rejections that are not handled will terminate the Node.js process with a non-zero exit code.","metadata":{"emulator":{"name":"functions"},"function":{"name":"us-central1-api"},"message":"\u001b[90m> \u001b[39m (node:11300) [DEP0018] DeprecationWarning: Unhandled promise rejections are deprecated. In the future, promise rejections that are not handled will terminate the Node.js process with a non-zero exit code."}}
[warn] !  functions: Your function timed out after ~60s. To configure this timeout, see
      https://firebase.google.com/docs/functions/manage-functions#set_timeout_and_memory_allocation. {"metadata":{"emulator":{"name":"functions"},"function":{"name":"us-central1-api"},"message":"Your function timed out after ~60s. To configure this timeout, see\n      https://firebase.google.com/docs/functions/manage-functions#set_timeout_and_memory_allocation."}}
[info] >  C:\Program Files\nodejs\node_modules\firebase-tools\lib\emulator\functionsEmulatorRuntime.js:679 {"user":"C:\\Program Files\\nodejs\\node_modules\\firebase-tools\\lib\\emulator\\functionsEmulatorRuntime.js:679\r","metadata":{"emulator":{"name":"functions"},"function":{"name":"us-central1-api"},"message":"\u001b[90m> \u001b[39m C:\\Program Files\\nodejs\\node_modules\\firebase-tools\\lib\\emulator\\functionsEmulatorRuntime.js:679\r"}}
[info] >              throw new Error("Function timed out."); {"user":"            throw new Error(\"Function timed out.\");\r","metadata":{"emulator":{"name":"functions"},"function":{"name":"us-central1-api"},"message":"\u001b[90m> \u001b[39m             throw new Error(\"Function timed out.\");\r"}}
[info] >              ^ {"user":"            ^\r","metadata":{"emulator":{"name":"functions"},"function":{"name":"us-central1-api"},"message":"\u001b[90m> \u001b[39m             ^\r"}}
[info] >   {"user":"\r","metadata":{"emulator":{"name":"functions"},"function":{"name":"us-central1-api"},"message":"\u001b[90m> \u001b[39m \r"}}
[info] >  Error: Function timed out. {"user":"Error: Function timed out.\r","metadata":{"emulator":{"name":"functions"},"function":{"name":"us-central1-api"},"message":"\u001b[90m> \u001b[39m Error: Function timed out.\r"}}
[info] >      at Timeout._onTimeout (C:\Program Files\nodejs\node_modules\firebase-tools\lib\emulator\functionsEmulatorRuntime.js:679:19) {"user":"    at Timeout._onTimeout (C:\\Program Files\\nodejs\\node_modules\\firebase-tools\\lib\\emulator\\functionsEmulatorRuntime.js:679:19)\r","metadata":{"emulator":{"name":"functions"},"function":{"name":"us-central1-api"},"message":"\u001b[90m> \u001b[39m     at Timeout._onTimeout (C:\\Program Files\\nodejs\\node_modules\\firebase-tools\\lib\\emulator\\functionsEmulatorRuntime.js:679:19)\r"}}
[info] >      at listOnTimeout (internal/timers.js:549:17) {"user":"    at listOnTimeout (internal/timers.js:549:17)\r","metadata":{"emulator":{"name":"functions"},"function":{"name":"us-central1-api"},"message":"\u001b[90m> \u001b[39m     at listOnTimeout (internal/timers.js:549:17)\r"}}
[info] >      at processTimers (internal/timers.js:492:7) {"user":"    at processTimers (internal/timers.js:492:7)\r","metadata":{"emulator":{"name":"functions"},"function":{"name":"us-central1-api"},"message":"\u001b[90m> \u001b[39m     at processTimers (internal/timers.js:492:7)\r"}}
[debug] [2021-09-25T06:37:54.389Z] [worker-us-central1-api-bc210a9c-777e-407e-9f92-12eb52fd32cb]: exited {"metadata":{"emulator":{"name":"functions"},"message":"[worker-us-central1-api-bc210a9c-777e-407e-9f92-12eb52fd32cb]: exited"}}
[debug] [2021-09-25T06:37:54.389Z] [worker-us-central1-api-bc210a9c-777e-407e-9f92-12eb52fd32cb]: FINISHED {"metadata":{"emulator":{"name":"functions"},"message":"[worker-us-central1-api-bc210a9c-777e-407e-9f92-12eb52fd32cb]: FINISHED"}}
[debug] [2021-09-25T06:37:54.390Z] [work-queue] {"queueLength":0,"workRunningCount":0}
[debug] [2021-09-25T06:46:31.036Z] [work-queue] {"queueLength":1,"workRunningCount":0}
[debug] [2021-09-25T06:46:31.037Z] [work-queue] {"queueLength":0,"workRunningCount":1}
[debug] [2021-09-25T06:46:31.037Z] Accepted request POST /clone-14ca4/us-central1/api/payments/create?total=8997 --> us-central1-api
[debug] [2021-09-25T06:46:31.037Z] [worker-pool] Cleaned up workers for us-central1-api: 2 --> 1 {"metadata":{"emulator":{"name":"functions"},"message":"[worker-pool] Cleaned up workers for us-central1-api: 2 --> 1"}}
[debug] [2021-09-25T06:46:31.037Z] [worker-pool] submitWork(triggerId=us-central1-api) {"metadata":{"emulator":{"name":"functions"},"message":"[worker-pool] submitWork(triggerId=us-central1-api)"}}
[debug] [2021-09-25T06:46:31.037Z] [worker-us-central1-api-c94be819-d090-45be-bd5f-9aea51e0f777]: Assigning socketPath: \\?\pipe\C:\Users\brian\Desktop\amazon-clone\functions\14900 {"metadata":{"emulator":{"name":"functions"},"message":"[worker-us-central1-api-c94be819-d090-45be-bd5f-9aea51e0f777]: Assigning socketPath: \\\\?\\pipe\\C:\\Users\\brian\\Desktop\\amazon-clone\\functions\\14900"}}
[debug] [2021-09-25T06:46:31.037Z] [worker-us-central1-api-c94be819-d090-45be-bd5f-9aea51e0f777]: BUSY {"metadata":{"emulator":{"name":"functions"},"message":"[worker-us-central1-api-c94be819-d090-45be-bd5f-9aea51e0f777]: BUSY"}}
[debug] [2021-09-25T06:46:31.039Z] [runtime-status] [14900] Trigger "us-central1-api" has been found, beginning invocation! {"metadata":{"emulator":{"name":"functions"},"function":{"name":"us-central1-api"},"message":"[runtime-status] [14900] Trigger \"us-central1-api\" has been found, beginning invocation!"}}
[info] i  functions: Beginning execution of "us-central1-api" {"metadata":{"emulator":{"name":"functions"},"function":{"name":"us-central1-api"},"message":"Beginning execution of \"us-central1-api\""}}
[debug] [2021-09-25T06:46:31.041Z] [runtime-status] [14900] triggerDefinition {"httpsTrigger":{},"name":"api","entryPoint":"api","regions":["us-central1"],"region":"us-central1","id":"us-central1-api"} {"metadata":{"emulator":{"name":"functions"},"function":{"name":"us-central1-api"},"message":"[runtime-status] [14900] triggerDefinition {\"httpsTrigger\":{},\"name\":\"api\",\"entryPoint\":\"api\",\"regions\":[\"us-central1\"],\"region\":\"us-central1\",\"id\":\"us-central1-api\"}"}}
[debug] [2021-09-25T06:46:31.041Z] [runtime-status] [14900] Running us-central1-api in mode HTTPS {"metadata":{"emulator":{"name":"functions"},"function":{"name":"us-central1-api"},"message":"[runtime-status] [14900] Running us-central1-api in mode HTTPS"}}
[debug] [2021-09-25T06:46:31.041Z] [runtime-status] [14900] Attempting to listen to socketPath: \\?\pipe\C:\Users\brian\Desktop\amazon-clone\functions\14900 {"metadata":{"emulator":{"name":"functions"},"function":{"name":"us-central1-api"},"message":"[runtime-status] [14900] Attempting to listen to socketPath: \\\\?\\pipe\\C:\\Users\\brian\\Desktop\\amazon-clone\\functions\\14900"}}
[debug] [2021-09-25T06:46:31.042Z] [functions] Runtime ready! Sending request! {"metadata":{"emulator":{"name":"functions"},"message":"[functions] Runtime ready! Sending request!"}}
[debug] [2021-09-25T06:46:31.042Z] [functions] Got req.url=/clone-14ca4/us-central1/api/payments/create?total=8997, mapping to path=/payments/create?total=8997 {"metadata":{"emulator":{"name":"functions"},"message":"[functions] Got req.url=/clone-14ca4/us-central1/api/payments/create?total=8997, mapping to path=/payments/create?total=8997"}}
[debug] [2021-09-25T06:46:31.046Z] [runtime-status] [14900] Ephemeral server handling POST request {"metadata":{"emulator":{"name":"functions"},"function":{"name":"us-central1-api"},"message":"[runtime-status] [14900] Ephemeral server handling POST request"}}
[debug] [2021-09-25T06:46:31.051Z] [runtime-status] [14900] Ephemeral server survived. {"metadata":{"emulator":{"name":"functions"},"function":{"name":"us-central1-api"},"message":"[runtime-status] [14900] Ephemeral server survived."}}
[info] i  functions: Finished "us-central1-api" in ~1s {"metadata":{"emulator":{"name":"functions"},"function":{"name":"us-central1-api"},"message":"Finished \"us-central1-api\" in ~1s"}}
[debug] [2021-09-25T06:46:31.742Z] [worker-us-central1-api-c94be819-d090-45be-bd5f-9aea51e0f777]: IDLE {"metadata":{"emulator":{"name":"functions"},"message":"[worker-us-central1-api-c94be819-d090-45be-bd5f-9aea51e0f777]: IDLE"}}
[debug] [2021-09-25T06:46:31.743Z] [work-queue] {"queueLength":0,"workRunningCount":0}
[debug] [2021-09-25T06:52:03.227Z] [work-queue] {"queueLength":1,"workRunningCount":0}
[debug] [2021-09-25T06:52:03.227Z] [work-queue] {"queueLength":0,"workRunningCount":1}
[debug] [2021-09-25T06:52:03.227Z] Accepted request POST /clone-14ca4/us-central1/api/payments/create?total=0 --> us-central1-api
[debug] [2021-09-25T06:52:03.228Z] [worker-pool] submitWork(triggerId=us-central1-api) {"metadata":{"emulator":{"name":"functions"},"message":"[worker-pool] submitWork(triggerId=us-central1-api)"}}
[debug] [2021-09-25T06:52:03.228Z] [worker-us-central1-api-c94be819-d090-45be-bd5f-9aea51e0f777]: Assigning socketPath: \\?\pipe\C:\Users\brian\Desktop\amazon-clone\functions\14900 {"metadata":{"emulator":{"name":"functions"},"message":"[worker-us-central1-api-c94be819-d090-45be-bd5f-9aea51e0f777]: Assigning socketPath: \\\\?\\pipe\\C:\\Users\\brian\\Desktop\\amazon-clone\\functions\\14900"}}
[debug] [2021-09-25T06:52:03.228Z] [worker-us-central1-api-c94be819-d090-45be-bd5f-9aea51e0f777]: BUSY {"metadata":{"emulator":{"name":"functions"},"message":"[worker-us-central1-api-c94be819-d090-45be-bd5f-9aea51e0f777]: BUSY"}}
[debug] [2021-09-25T06:52:03.230Z] [runtime-status] [14900] Trigger "us-central1-api" has been found, beginning invocation! {"metadata":{"emulator":{"name":"functions"},"function":{"name":"us-central1-api"},"message":"[runtime-status] [14900] Trigger \"us-central1-api\" has been found, beginning invocation!"}}
[info] i  functions: Beginning execution of "us-central1-api" {"metadata":{"emulator":{"name":"functions"},"function":{"name":"us-central1-api"},"message":"Beginning execution of \"us-central1-api\""}}
[debug] [2021-09-25T06:52:03.233Z] [runtime-status] [14900] triggerDefinition {"httpsTrigger":{},"name":"api","entryPoint":"api","regions":["us-central1"],"region":"us-central1","id":"us-central1-api"} {"metadata":{"emulator":{"name":"functions"},"function":{"name":"us-central1-api"},"message":"[runtime-status] [14900] triggerDefinition {\"httpsTrigger\":{},\"name\":\"api\",\"entryPoint\":\"api\",\"regions\":[\"us-central1\"],\"region\":\"us-central1\",\"id\":\"us-central1-api\"}"}}
[debug] [2021-09-25T06:52:03.234Z] [runtime-status] [14900] Running us-central1-api in mode HTTPS {"metadata":{"emulator":{"name":"functions"},"function":{"name":"us-central1-api"},"message":"[runtime-status] [14900] Running us-central1-api in mode HTTPS"}}
[debug] [2021-09-25T06:52:03.234Z] [runtime-status] [14900] Attempting to listen to socketPath: \\?\pipe\C:\Users\brian\Desktop\amazon-clone\functions\14900 {"metadata":{"emulator":{"name":"functions"},"function":{"name":"us-central1-api"},"message":"[runtime-status] [14900] Attempting to listen to socketPath: \\\\?\\pipe\\C:\\Users\\brian\\Desktop\\amazon-clone\\functions\\14900"}}
[debug] [2021-09-25T06:52:03.235Z] [functions] Runtime ready! Sending request! {"metadata":{"emulator":{"name":"functions"},"message":"[functions] Runtime ready! Sending request!"}}
[debug] [2021-09-25T06:52:03.236Z] [functions] Got req.url=/clone-14ca4/us-central1/api/payments/create?total=0, mapping to path=/payments/create?total=0 {"metadata":{"emulator":{"name":"functions"},"message":"[functions] Got req.url=/clone-14ca4/us-central1/api/payments/create?total=0, mapping to path=/payments/create?total=0"}}
[debug] [2021-09-25T06:52:03.239Z] [runtime-status] [14900] Ephemeral server handling POST request {"metadata":{"emulator":{"name":"functions"},"function":{"name":"us-central1-api"},"message":"[runtime-status] [14900] Ephemeral server handling POST request"}}
[debug] [2021-09-25T06:52:03.243Z] [runtime-status] [14900] Ephemeral server survived. {"metadata":{"emulator":{"name":"functions"},"function":{"name":"us-central1-api"},"message":"[runtime-status] [14900] Ephemeral server survived."}}
[info] >  (node:14900) UnhandledPromiseRejectionWarning: Error: This value must be greater than or equal to 1. {"user":"(node:14900) UnhandledPromiseRejectionWarning: Error: This value must be greater than or equal to 1.","metadata":{"emulator":{"name":"functions"},"function":{"name":"us-central1-api"},"message":"\u001b[90m> \u001b[39m (node:14900) UnhandledPromiseRejectionWarning: Error: This value must be greater than or equal to 1."}}
[info] >      at Function.generate (C:\Users\brian\Desktop\amazon-clone\functions\node_modules\stripe\lib\Error.js:40:16) {"user":"    at Function.generate (C:\\Users\\brian\\Desktop\\amazon-clone\\functions\\node_modules\\stripe\\lib\\Error.js:40:16)","metadata":{"emulator":{"name":"functions"},"function":{"name":"us-central1-api"},"message":"\u001b[90m> \u001b[39m     at Function.generate (C:\\Users\\brian\\Desktop\\amazon-clone\\functions\\node_modules\\stripe\\lib\\Error.js:40:16)"}}
[info] >      at res.toJSON.then.StripeAPIError.message (C:\Users\brian\Desktop\amazon-clone\functions\node_modules\stripe\lib\StripeResource.js:220:35) {"user":"    at res.toJSON.then.StripeAPIError.message (C:\\Users\\brian\\Desktop\\amazon-clone\\functions\\node_modules\\stripe\\lib\\StripeResource.js:220:35)","metadata":{"emulator":{"name":"functions"},"function":{"name":"us-central1-api"},"message":"\u001b[90m> \u001b[39m     at res.toJSON.then.StripeAPIError.message (C:\\Users\\brian\\Desktop\\amazon-clone\\functions\\node_modules\\stripe\\lib\\StripeResource.js:220:35)"}}
[info] >      at processTicksAndRejections (internal/process/task_queues.js:97:5) {"user":"    at processTicksAndRejections (internal/process/task_queues.js:97:5)","metadata":{"emulator":{"name":"functions"},"function":{"name":"us-central1-api"},"message":"\u001b[90m> \u001b[39m     at processTicksAndRejections (internal/process/task_queues.js:97:5)"}}
[info] >  (node:14900) UnhandledPromiseRejectionWarning: Unhandled promise rejection. This error originated either by throwing inside of an async function without a catch block, or by rejecting a promise which was not handled with .catch(). To terminate the node process on unhandled promise rejection, use the CLI flag `--unhandled-rejections=strict` (see https://nodejs.org/api/cli.html#cli_unhandled_rejections_mode). (rejection id: 1) {"user":"(node:14900) UnhandledPromiseRejectionWarning: Unhandled promise rejection. This error originated either by throwing inside of an async function without a catch block, or by rejecting a promise which was not handled with .catch(). To terminate the node process on unhandled promise rejection, use the CLI flag `--unhandled-rejections=strict` (see https://nodejs.org/api/cli.html#cli_unhandled_rejections_mode). (rejection id: 1)","metadata":{"emulator":{"name":"functions"},"function":{"name":"us-central1-api"},"message":"\u001b[90m> \u001b[39m (node:14900) UnhandledPromiseRejectionWarning: Unhandled promise rejection. This error originated either by throwing inside of an async function without a catch block, or by rejecting a promise which was not handled with .catch(). To terminate the node process on unhandled promise rejection, use the CLI flag `--unhandled-rejections=strict` (see https://nodejs.org/api/cli.html#cli_unhandled_rejections_mode). (rejection id: 1)"}}
[info] >  (node:14900) [DEP0018] DeprecationWarning: Unhandled promise rejections are deprecated. In the future, promise rejections that are not handled will terminate the Node.js process with a non-zero exit code. {"user":"(node:14900) [DEP0018] DeprecationWarning: Unhandled promise rejections are deprecated. In the future, promise rejections that are not handled will terminate the Node.js process with a non-zero exit code.","metadata":{"emulator":{"name":"functions"},"function":{"name":"us-central1-api"},"message":"\u001b[90m> \u001b[39m (node:14900) [DEP0018] DeprecationWarning: Unhandled promise rejections are deprecated. In the future, promise rejections that are not handled will terminate the Node.js process with a non-zero exit code."}}
